[M::bwa_idx_load_from_disk] read 0 ALT contigs
[M::process] read 529802 sequences (80000027 bp)...
[M::process] read 529802 sequences (80000040 bp)...
[M::mem_pestat] # candidate unique pairs for (FF, FR, RF, RR): (159, 62716, 262, 152)
[M::mem_pestat] analyzing insert size distribution for orientation FF...
[M::mem_pestat] (25, 50, 75) percentile: (134, 234, 435)
[M::mem_pestat] low and high boundaries for computing mean and std.dev: (1, 1037)
[M::mem_pestat] mean and std.dev: (275.00, 226.28)
[M::mem_pestat] low and high boundaries for proper pairs: (1, 1338)
[M::mem_pestat] analyzing insert size distribution for orientation FR...
[M::mem_pestat] (25, 50, 75) percentile: (310, 357, 418)
[M::mem_pestat] low and high boundaries for computing mean and std.dev: (94, 634)
[M::mem_pestat] mean and std.dev: (364.48, 86.40)
[M::mem_pestat] low and high boundaries for proper pairs: (1, 742)
[M::mem_pestat] analyzing insert size distribution for orientation RF...
[M::mem_pestat] (25, 50, 75) percentile: (978, 7537, 7719)
[M::mem_pestat] low and high boundaries for computing mean and std.dev: (1, 21201)
[M::mem_pestat] mean and std.dev: (4797.48, 3278.63)
[M::mem_pestat] low and high boundaries for proper pairs: (1, 27942)
[M::mem_pestat] analyzing insert size distribution for orientation RR...
[M::mem_pestat] (25, 50, 75) percentile: (179, 264, 723)
[M::mem_pestat] low and high boundaries for computing mean and std.dev: (1, 1811)
[M::mem_pestat] mean and std.dev: (389.89, 372.79)
[M::mem_pestat] low and high boundaries for proper pairs: (1, 2355)
[M::mem_pestat] skip orientation FF
[M::mem_pestat] skip orientation RF
[M::mem_pestat] skip orientation RR
[M::mem_process_seqs] Processed 529802 reads in 271.504 CPU sec, 36.926 real sec
[M::process] read 529804 sequences (80000270 bp)...
[M::mem_pestat] # candidate unique pairs for (FF, FR, RF, RR): (151, 62487, 234, 147)
[M::mem_pestat] analyzing insert size distribution for orientation FF...
[M::mem_pestat] (25, 50, 75) percentile: (115, 207, 420)
[M::mem_pestat] low and high boundaries for computing mean and std.dev: (1, 1030)
[M::mem_pestat] mean and std.dev: (252.61, 213.90)
[M::mem_pestat] low and high boundaries for proper pairs: (1, 1335)
[M::mem_pestat] analyzing insert size distribution for orientation FR...
[M::mem_pestat] (25, 50, 75) percentile: (310, 357, 419)
[M::mem_pestat] low and high boundaries for computing mean and std.dev: (92, 637)
[M::mem_pestat] mean and std.dev: (365.37, 86.77)
[M::mem_pestat] low and high boundaries for proper pairs: (1, 746)
[M::mem_pestat] analyzing insert size distribution for orientation RF...
[M::mem_pestat] (25, 50, 75) percentile: (683, 7613, 7744)
[M::mem_pestat] low and high boundaries for computing mean and std.dev: (1, 21866)
[M::mem_pestat] mean and std.dev: (5108.81, 3358.40)
[M::mem_pestat] low and high boundaries for proper pairs: (1, 28927)
[M::mem_pestat] analyzing insert size distribution for orientation RR...
[M::mem_pestat] (25, 50, 75) percentile: (160, 239, 629)
[M::mem_pestat] low and high boundaries for computing mean and std.dev: (1, 1567)
[M::mem_pestat] mean and std.dev: (373.34, 353.85)
[M::mem_pestat] low and high boundaries for proper pairs: (1, 2036)
[M::mem_pestat] skip orientation FF
[M::mem_pestat] skip orientation RF
[M::mem_pestat] skip orientation RR
[M::mem_process_seqs] Processed 529802 reads in 264.516 CPU sec, 33.231 real sec
[M::process] read 529804 sequences (80000298 bp)...
[M::mem_pestat] # candidate unique pairs for (FF, FR, RF, RR): (144, 62763, 218, 130)
[M::mem_pestat] analyzing insert size distribution for orientation FF...
[M::mem_pestat] (25, 50, 75) percentile: (168, 256, 429)
[M::mem_pestat] low and high boundaries for computing mean and std.dev: (1, 951)
[M::mem_pestat] mean and std.dev: (280.58, 196.72)
[M::mem_pestat] low and high boundaries for proper pairs: (1, 1212)
[M::mem_pestat] analyzing insert size distribution for orientation FR...
[M::mem_pestat] (25, 50, 75) percentile: (310, 356, 417)
[M::mem_pestat] low and high boundaries for computing mean and std.dev: (96, 631)
[M::mem_pestat] mean and std.dev: (364.36, 86.45)
[M::mem_pestat] low and high boundaries for proper pairs: (1, 738)
[M::mem_pestat] analyzing insert size distribution for orientation RF...
[M::mem_pestat] (25, 50, 75) percentile: (400, 7567, 7739)
[M::mem_pestat] low and high boundaries for computing mean and std.dev: (1, 22417)
[M::mem_pestat] mean and std.dev: (4784.01, 3458.61)
[M::mem_pestat] low and high boundaries for proper pairs: (1, 29756)
[M::mem_pestat] analyzing insert size distribution for orientation RR...
[M::mem_pestat] (25, 50, 75) percentile: (190, 268, 701)
[M::mem_pestat] low and high boundaries for computing mean and std.dev: (1, 1723)
[M::mem_pestat] mean and std.dev: (419.67, 379.44)
[M::mem_pestat] low and high boundaries for proper pairs: (1, 2234)
[M::mem_pestat] skip orientation FF
[M::mem_pestat] skip orientation RF
[M::mem_pestat] skip orientation RR
[M::mem_process_seqs] Processed 529804 reads in 249.444 CPU sec, 30.989 real sec
[M::process] read 529802 sequences (80000018 bp)...
[M::mem_pestat] # candidate unique pairs for (FF, FR, RF, RR): (163, 63107, 245, 148)
[M::mem_pestat] analyzing insert size distribution for orientation FF...
[M::mem_pestat] (25, 50, 75) percentile: (163, 268, 457)
[M::mem_pestat] low and high boundaries for computing mean and std.dev: (1, 1045)
[M::mem_pestat] mean and std.dev: (292.91, 219.10)
[M::mem_pestat] low and high boundaries for proper pairs: (1, 1339)
[M::mem_pestat] analyzing insert size distribution for orientation FR...
[M::mem_pestat] (25, 50, 75) percentile: (309, 355, 415)
[M::mem_pestat] low and high boundaries for computing mean and std.dev: (97, 627)
[M::mem_pestat] mean and std.dev: (362.35, 85.72)
[M::mem_pestat] low and high boundaries for proper pairs: (1, 733)
[M::mem_pestat] analyzing insert size distribution for orientation RF...
[M::mem_pestat] (25, 50, 75) percentile: (1077, 7603, 7751)
[M::mem_pestat] low and high boundaries for computing mean and std.dev: (1, 21099)
[M::mem_pestat] mean and std.dev: (5108.84, 3250.64)
[M::mem_pestat] low and high boundaries for proper pairs: (1, 27773)
[M::mem_pestat] analyzing insert size distribution for orientation RR...
[M::mem_pestat] (25, 50, 75) percentile: (159, 225, 463)
[M::mem_pestat] low and high boundaries for computing mean and std.dev: (1, 1071)
[M::mem_pestat] mean and std.dev: (298.36, 242.78)
[M::mem_pestat] low and high boundaries for proper pairs: (1, 1375)
[M::mem_pestat] skip orientation FF
[M::mem_pestat] skip orientation RF
[M::mem_pestat] skip orientation RR
[M::mem_process_seqs] Processed 529804 reads in 269.199 CPU sec, 33.488 real sec
[M::process] read 529802 sequences (80000017 bp)...
[M::mem_pestat] # candidate unique pairs for (FF, FR, RF, RR): (160, 62684, 231, 135)
[M::mem_pestat] analyzing insert size distribution for orientation FF...
[M::mem_pestat] (25, 50, 75) percentile: (117, 255, 722)
[M::mem_pestat] low and high boundaries for computing mean and std.dev: (1, 1932)
[M::mem_pestat] mean and std.dev: (363.83, 369.31)
[M::mem_pestat] low and high boundaries for proper pairs: (1, 2537)
[M::mem_pestat] analyzing insert size distribution for orientation FR...
[M::mem_pestat] (25, 50, 75) percentile: (310, 357, 419)
[M::mem_pestat] low and high boundaries for computing mean and std.dev: (92, 637)
[M::mem_pestat] mean and std.dev: (365.13, 87.11)
[M::mem_pestat] low and high boundaries for proper pairs: (1, 746)
[M::mem_pestat] analyzing insert size distribution for orientation RF...
[M::mem_pestat] (25, 50, 75) percentile: (3054, 7650, 7751)
[M::mem_pestat] low and high boundaries for computing mean and std.dev: (1, 17145)
[M::mem_pestat] mean and std.dev: (5770.85, 3010.77)
[M::mem_pestat] low and high boundaries for proper pairs: (1, 21842)
[M::mem_pestat] analyzing insert size distribution for orientation RR...
[M::mem_pestat] (25, 50, 75) percentile: (129, 244, 472)
[M::mem_pestat] low and high boundaries for computing mean and std.dev: (1, 1158)
[M::mem_pestat] mean and std.dev: (290.88, 253.41)
[M::mem_pestat] low and high boundaries for proper pairs: (1, 1501)
[M::mem_pestat] skip orientation FF
[M::mem_pestat] skip orientation RF
[M::mem_pestat] skip orientation RR
[M::mem_process_seqs] Processed 529802 reads in 257.878 CPU sec, 32.143 real sec
[M::process] read 529802 sequences (80000044 bp)...
[M::mem_pestat] # candidate unique pairs for (FF, FR, RF, RR): (148, 62957, 218, 153)
[M::mem_pestat] analyzing insert size distribution for orientation FF...
[M::mem_pestat] (25, 50, 75) percentile: (101, 224, 429)
[M::mem_pestat] low and high boundaries for computing mean and std.dev: (1, 1085)
[M::mem_pestat] mean and std.dev: (268.78, 249.38)
[M::mem_pestat] low and high boundaries for proper pairs: (1, 1413)
[M::mem_pestat] analyzing insert size distribution for orientation FR...
[M::mem_pestat] (25, 50, 75) percentile: (311, 357, 417)
[M::mem_pestat] low and high boundaries for computing mean and std.dev: (99, 629)
[M::mem_pestat] mean and std.dev: (364.51, 85.72)
[M::mem_pestat] low and high boundaries for proper pairs: (1, 735)
[M::mem_pestat] analyzing insert size distribution for orientation RF...
[M::mem_pestat] (25, 50, 75) percentile: (2667, 7673, 7754)
[M::mem_pestat] low and high boundaries for computing mean and std.dev: (1, 17928)
[M::mem_pestat] mean and std.dev: (5692.36, 3092.89)
[M::mem_pestat] low and high boundaries for proper pairs: (1, 23015)
[M::mem_pestat] analyzing insert size distribution for orientation RR...
[M::mem_pestat] (25, 50, 75) percentile: (170, 299, 824)
[M::mem_pestat] low and high boundaries for computing mean and std.dev: (1, 2132)
[M::mem_pestat] mean and std.dev: (442.76, 430.71)
[M::mem_pestat] low and high boundaries for proper pairs: (1, 2786)
[M::mem_pestat] skip orientation FF
[M::mem_pestat] skip orientation RF
[M::mem_pestat] skip orientation RR
